Sep 09 2023 21:47:01
{"type":8192,"message":"Creation of dynamic property acf_field_clone::$have_rows is deprecated","file":"C:\\wamp64\\www\\jasondroste\\wp-content\\plugins\\advanced-custom-fields-pro\\pro\\fields\\class-acf-field-clone.php","line":35}

Sep 09 2023 21:47:02
{"type":8192,"message":"Creation of dynamic property acf_field_clone::$have_rows is deprecated","file":"C:\\wamp64\\www\\jasondroste\\wp-content\\plugins\\advanced-custom-fields-pro\\pro\\fields\\class-acf-field-clone.php","line":35}

Sep 09 2023 21:47:02
{"type":8192,"message":"Creation of dynamic property acf_field_clone::$have_rows is deprecated","file":"C:\\wamp64\\www\\jasondroste\\wp-content\\plugins\\advanced-custom-fields-pro\\pro\\fields\\class-acf-field-clone.php","line":35}

Sep 09 2023 21:47:02
{"type":8192,"message":"Creation of dynamic property acf_field_clone::$have_rows is deprecated","file":"C:\\wamp64\\www\\jasondroste\\wp-content\\plugins\\advanced-custom-fields-pro\\pro\\fields\\class-acf-field-clone.php","line":35}

Sep 09 2023 21:47:03
{"type":8192,"message":"Creation of dynamic property acf_field_clone::$have_rows is deprecated","file":"C:\\wamp64\\www\\jasondroste\\wp-content\\plugins\\advanced-custom-fields-pro\\pro\\fields\\class-acf-field-clone.php","line":35}

Sep 09 2023 21:47:03
{"type":8192,"message":"Creation of dynamic property acf_field_clone::$have_rows is deprecated","file":"C:\\wamp64\\www\\jasondroste\\wp-content\\plugins\\advanced-custom-fields-pro\\pro\\fields\\class-acf-field-clone.php","line":35}

Sep 09 2023 21:47:04
{"type":8192,"message":"Creation of dynamic property acf_field_clone::$have_rows is deprecated","file":"C:\\wamp64\\www\\jasondroste\\wp-content\\plugins\\advanced-custom-fields-pro\\pro\\fields\\class-acf-field-clone.php","line":35}

Sep 09 2023 21:47:04
{"type":8192,"message":"Creation of dynamic property acf_field_clone::$have_rows is deprecated","file":"C:\\wamp64\\www\\jasondroste\\wp-content\\plugins\\advanced-custom-fields-pro\\pro\\fields\\class-acf-field-clone.php","line":35}

Sep 09 2023 21:47:04
{"type":8192,"message":"Creation of dynamic property acf_field_clone::$have_rows is deprecated","file":"C:\\wamp64\\www\\jasondroste\\wp-content\\plugins\\advanced-custom-fields-pro\\pro\\fields\\class-acf-field-clone.php","line":35}

Sep 09 2023 21:47:05
{"type":8192,"message":"Creation of dynamic property acf_field_clone::$have_rows is deprecated","file":"C:\\wamp64\\www\\jasondroste\\wp-content\\plugins\\advanced-custom-fields-pro\\pro\\fields\\class-acf-field-clone.php","line":35}

Sep 09 2023 21:47:05
{"type":8192,"message":"Creation of dynamic property acf_field_clone::$have_rows is deprecated","file":"C:\\wamp64\\www\\jasondroste\\wp-content\\plugins\\advanced-custom-fields-pro\\pro\\fields\\class-acf-field-clone.php","line":35}

Sep 09 2023 21:47:06
{"type":8192,"message":"Creation of dynamic property acf_field_clone::$have_rows is deprecated","file":"C:\\wamp64\\www\\jasondroste\\wp-content\\plugins\\advanced-custom-fields-pro\\pro\\fields\\class-acf-field-clone.php","line":35}

Sep 09 2023 21:47:06
{"type":8192,"message":"Creation of dynamic property acf_field_clone::$have_rows is deprecated","file":"C:\\wamp64\\www\\jasondroste\\wp-content\\plugins\\advanced-custom-fields-pro\\pro\\fields\\class-acf-field-clone.php","line":35}

Sep 09 2023 21:47:06
{"type":8192,"message":"Creation of dynamic property acf_field_clone::$have_rows is deprecated","file":"C:\\wamp64\\www\\jasondroste\\wp-content\\plugins\\advanced-custom-fields-pro\\pro\\fields\\class-acf-field-clone.php","line":35}

Sep 09 2023 21:47:07
{"type":8192,"message":"Creation of dynamic property acf_field_clone::$have_rows is deprecated","file":"C:\\wamp64\\www\\jasondroste\\wp-content\\plugins\\advanced-custom-fields-pro\\pro\\fields\\class-acf-field-clone.php","line":35}

Sep 09 2023 21:47:07
{"type":8192,"message":"Creation of dynamic property acf_field_clone::$have_rows is deprecated","file":"C:\\wamp64\\www\\jasondroste\\wp-content\\plugins\\advanced-custom-fields-pro\\pro\\fields\\class-acf-field-clone.php","line":35}

Sep 09 2023 21:47:08
{"type":8192,"message":"Creation of dynamic property acf_field_clone::$have_rows is deprecated","file":"C:\\wamp64\\www\\jasondroste\\wp-content\\plugins\\advanced-custom-fields-pro\\pro\\fields\\class-acf-field-clone.php","line":35}

Sep 09 2023 21:47:08
{"type":8192,"message":"Creation of dynamic property acf_field_clone::$have_rows is deprecated","file":"C:\\wamp64\\www\\jasondroste\\wp-content\\plugins\\advanced-custom-fields-pro\\pro\\fields\\class-acf-field-clone.php","line":35}

Sep 09 2023 21:47:08
{"type":8192,"message":"Creation of dynamic property acf_field_clone::$have_rows is deprecated","file":"C:\\wamp64\\www\\jasondroste\\wp-content\\plugins\\advanced-custom-fields-pro\\pro\\fields\\class-acf-field-clone.php","line":35}

Sep 09 2023 21:47:09
{"type":8192,"message":"Creation of dynamic property acf_field_clone::$have_rows is deprecated","file":"C:\\wamp64\\www\\jasondroste\\wp-content\\plugins\\advanced-custom-fields-pro\\pro\\fields\\class-acf-field-clone.php","line":35}

Sep 09 2023 21:47:09
{"type":8192,"message":"Creation of dynamic property acf_field_clone::$have_rows is deprecated","file":"C:\\wamp64\\www\\jasondroste\\wp-content\\plugins\\advanced-custom-fields-pro\\pro\\fields\\class-acf-field-clone.php","line":35}

Sep 09 2023 21:47:09
{"type":8192,"message":"Creation of dynamic property acf_field_clone::$have_rows is deprecated","file":"C:\\wamp64\\www\\jasondroste\\wp-content\\plugins\\advanced-custom-fields-pro\\pro\\fields\\class-acf-field-clone.php","line":35}

Sep 09 2023 21:47:10
{"type":8192,"message":"Creation of dynamic property acf_field_clone::$have_rows is deprecated","file":"C:\\wamp64\\www\\jasondroste\\wp-content\\plugins\\advanced-custom-fields-pro\\pro\\fields\\class-acf-field-clone.php","line":35}

Sep 09 2023 21:47:11
{"type":8192,"message":"Creation of dynamic property acf_field_clone::$have_rows is deprecated","file":"C:\\wamp64\\www\\jasondroste\\wp-content\\plugins\\advanced-custom-fields-pro\\pro\\fields\\class-acf-field-clone.php","line":35}

Sep 09 2023 21:47:13
{"type":8192,"message":"Creation of dynamic property acf_field_clone::$have_rows is deprecated","file":"C:\\wamp64\\www\\jasondroste\\wp-content\\plugins\\advanced-custom-fields-pro\\pro\\fields\\class-acf-field-clone.php","line":35}

Sep 09 2023 21:47:13
{"type":8192,"message":"Creation of dynamic property acf_field_clone::$have_rows is deprecated","file":"C:\\wamp64\\www\\jasondroste\\wp-content\\plugins\\advanced-custom-fields-pro\\pro\\fields\\class-acf-field-clone.php","line":35}

Sep 09 2023 21:47:13
{"type":8192,"message":"Creation of dynamic property acf_field_clone::$have_rows is deprecated","file":"C:\\wamp64\\www\\jasondroste\\wp-content\\plugins\\advanced-custom-fields-pro\\pro\\fields\\class-acf-field-clone.php","line":35}

Sep 09 2023 21:47:14
{"type":8192,"message":"Creation of dynamic property acf_field_clone::$have_rows is deprecated","file":"C:\\wamp64\\www\\jasondroste\\wp-content\\plugins\\advanced-custom-fields-pro\\pro\\fields\\class-acf-field-clone.php","line":35}

Sep 09 2023 21:47:14
{"type":8192,"message":"Creation of dynamic property acf_field_clone::$have_rows is deprecated","file":"C:\\wamp64\\www\\jasondroste\\wp-content\\plugins\\advanced-custom-fields-pro\\pro\\fields\\class-acf-field-clone.php","line":35}

Sep 09 2023 21:47:15
{"type":8192,"message":"Creation of dynamic property acf_field_clone::$have_rows is deprecated","file":"C:\\wamp64\\www\\jasondroste\\wp-content\\plugins\\advanced-custom-fields-pro\\pro\\fields\\class-acf-field-clone.php","line":35}

Sep 09 2023 21:47:15
{"type":8192,"message":"Creation of dynamic property acf_field_clone::$have_rows is deprecated","file":"C:\\wamp64\\www\\jasondroste\\wp-content\\plugins\\advanced-custom-fields-pro\\pro\\fields\\class-acf-field-clone.php","line":35}

Sep 09 2023 21:47:15
{"type":8192,"message":"Creation of dynamic property acf_field_clone::$have_rows is deprecated","file":"C:\\wamp64\\www\\jasondroste\\wp-content\\plugins\\advanced-custom-fields-pro\\pro\\fields\\class-acf-field-clone.php","line":35}

Sep 09 2023 21:47:16
{"type":8192,"message":"Creation of dynamic property acf_field_clone::$have_rows is deprecated","file":"C:\\wamp64\\www\\jasondroste\\wp-content\\plugins\\advanced-custom-fields-pro\\pro\\fields\\class-acf-field-clone.php","line":35}

Sep 09 2023 21:47:16
{"type":8192,"message":"Creation of dynamic property acf_field_clone::$have_rows is deprecated","file":"C:\\wamp64\\www\\jasondroste\\wp-content\\plugins\\advanced-custom-fields-pro\\pro\\fields\\class-acf-field-clone.php","line":35}

Sep 09 2023 21:47:17
{"type":8192,"message":"Creation of dynamic property acf_field_clone::$have_rows is deprecated","file":"C:\\wamp64\\www\\jasondroste\\wp-content\\plugins\\advanced-custom-fields-pro\\pro\\fields\\class-acf-field-clone.php","line":35}

Sep 09 2023 21:47:17
{"type":8192,"message":"Creation of dynamic property acf_field_clone::$have_rows is deprecated","file":"C:\\wamp64\\www\\jasondroste\\wp-content\\plugins\\advanced-custom-fields-pro\\pro\\fields\\class-acf-field-clone.php","line":35}

Sep 09 2023 21:49:39
{"type":8192,"message":"Creation of dynamic property acf_field_clone::$have_rows is deprecated","file":"C:\\wamp64\\www\\jasondroste\\wp-content\\plugins\\advanced-custom-fields-pro\\pro\\fields\\class-acf-field-clone.php","line":35}

Sep 09 2023 21:49:40
{"type":8192,"message":"Creation of dynamic property acf_field_clone::$have_rows is deprecated","file":"C:\\wamp64\\www\\jasondroste\\wp-content\\plugins\\advanced-custom-fields-pro\\pro\\fields\\class-acf-field-clone.php","line":35}

Sep 09 2023 21:49:51
{"type":8192,"message":"Creation of dynamic property acf_field_clone::$have_rows is deprecated","file":"C:\\wamp64\\www\\jasondroste\\wp-content\\plugins\\advanced-custom-fields-pro\\pro\\fields\\class-acf-field-clone.php","line":35}

Sep 09 2023 21:49:58
{"type":8192,"message":"Creation of dynamic property acf_field_clone::$have_rows is deprecated","file":"C:\\wamp64\\www\\jasondroste\\wp-content\\plugins\\advanced-custom-fields-pro\\pro\\fields\\class-acf-field-clone.php","line":35}

Sep 09 2023 21:49:59
{"type":8192,"message":"Creation of dynamic property acf_field_clone::$have_rows is deprecated","file":"C:\\wamp64\\www\\jasondroste\\wp-content\\plugins\\advanced-custom-fields-pro\\pro\\fields\\class-acf-field-clone.php","line":35}

Sep 09 2023 21:49:59
{"Number":8192,"Message":"rtrim(): Passing null to parameter #1 ($string) of type string is deprecated","File":"C:\\wamp64\\www\\jasondroste\\wp-includes\\formatting.php","Line":2827}

Sep 09 2023 21:49:59
{"Number":8192,"Message":"rtrim(): Passing null to parameter #1 ($string) of type string is deprecated","File":"C:\\wamp64\\www\\jasondroste\\wp-includes\\formatting.php","Line":2827}

Sep 09 2023 21:49:59
{"Number":8192,"Message":"rtrim(): Passing null to parameter #1 ($string) of type string is deprecated","File":"C:\\wamp64\\www\\jasondroste\\wp-includes\\formatting.php","Line":2827}

Sep 09 2023 21:49:59
{"Number":8192,"Message":"rtrim(): Passing null to parameter #1 ($string) of type string is deprecated","File":"C:\\wamp64\\www\\jasondroste\\wp-includes\\formatting.php","Line":2827}

Sep 09 2023 21:49:59
{"Number":8192,"Message":"rtrim(): Passing null to parameter #1 ($string) of type string is deprecated","File":"C:\\wamp64\\www\\jasondroste\\wp-includes\\formatting.php","Line":2827}

Sep 09 2023 21:49:59
{"Number":8192,"Message":"rtrim(): Passing null to parameter #1 ($string) of type string is deprecated","File":"C:\\wamp64\\www\\jasondroste\\wp-includes\\formatting.php","Line":2827}

Sep 09 2023 21:49:59
{"Number":8192,"Message":"rtrim(): Passing null to parameter #1 ($string) of type string is deprecated","File":"C:\\wamp64\\www\\jasondroste\\wp-includes\\formatting.php","Line":2827}

Sep 09 2023 21:49:59
{"Number":8192,"Message":"rtrim(): Passing null to parameter #1 ($string) of type string is deprecated","File":"C:\\wamp64\\www\\jasondroste\\wp-includes\\formatting.php","Line":2827}

Sep 09 2023 21:49:59
{"Number":8192,"Message":"rtrim(): Passing null to parameter #1 ($string) of type string is deprecated","File":"C:\\wamp64\\www\\jasondroste\\wp-includes\\formatting.php","Line":2827}

Sep 09 2023 21:49:59
{"Number":8192,"Message":"rtrim(): Passing null to parameter #1 ($string) of type string is deprecated","File":"C:\\wamp64\\www\\jasondroste\\wp-includes\\formatting.php","Line":2827}

Sep 09 2023 21:49:59
{"Number":8192,"Message":"rtrim(): Passing null to parameter #1 ($string) of type string is deprecated","File":"C:\\wamp64\\www\\jasondroste\\wp-includes\\formatting.php","Line":2827}

Sep 09 2023 21:49:59
{"Number":8192,"Message":"rtrim(): Passing null to parameter #1 ($string) of type string is deprecated","File":"C:\\wamp64\\www\\jasondroste\\wp-includes\\formatting.php","Line":2827}

Sep 09 2023 21:49:59
{"Number":8192,"Message":"rtrim(): Passing null to parameter #1 ($string) of type string is deprecated","File":"C:\\wamp64\\www\\jasondroste\\wp-includes\\formatting.php","Line":2827}

Sep 09 2023 21:49:59
{"Number":8192,"Message":"rtrim(): Passing null to parameter #1 ($string) of type string is deprecated","File":"C:\\wamp64\\www\\jasondroste\\wp-includes\\formatting.php","Line":2827}

Sep 09 2023 21:49:59
{"Number":8192,"Message":"rtrim(): Passing null to parameter #1 ($string) of type string is deprecated","File":"C:\\wamp64\\www\\jasondroste\\wp-includes\\formatting.php","Line":2827}

Sep 09 2023 21:49:59
{"Number":8192,"Message":"rtrim(): Passing null to parameter #1 ($string) of type string is deprecated","File":"C:\\wamp64\\www\\jasondroste\\wp-includes\\formatting.php","Line":2827}

Sep 09 2023 21:49:59
{"Number":8192,"Message":"rtrim(): Passing null to parameter #1 ($string) of type string is deprecated","File":"C:\\wamp64\\www\\jasondroste\\wp-includes\\formatting.php","Line":2827}

Sep 09 2023 21:49:59
{"Number":8192,"Message":"rtrim(): Passing null to parameter #1 ($string) of type string is deprecated","File":"C:\\wamp64\\www\\jasondroste\\wp-includes\\formatting.php","Line":2827}

Sep 09 2023 21:49:59
{"Number":8192,"Message":"rtrim(): Passing null to parameter #1 ($string) of type string is deprecated","File":"C:\\wamp64\\www\\jasondroste\\wp-includes\\formatting.php","Line":2827}

Sep 09 2023 21:49:59
{"Number":8192,"Message":"rtrim(): Passing null to parameter #1 ($string) of type string is deprecated","File":"C:\\wamp64\\www\\jasondroste\\wp-includes\\formatting.php","Line":2827}

Sep 09 2023 21:49:59
{"Number":8192,"Message":"rtrim(): Passing null to parameter #1 ($string) of type string is deprecated","File":"C:\\wamp64\\www\\jasondroste\\wp-includes\\formatting.php","Line":2827}

Sep 09 2023 21:49:59
{"Number":8192,"Message":"rtrim(): Passing null to parameter #1 ($string) of type string is deprecated","File":"C:\\wamp64\\www\\jasondroste\\wp-includes\\formatting.php","Line":2827}

Sep 09 2023 21:49:59
{"Number":8192,"Message":"rtrim(): Passing null to parameter #1 ($string) of type string is deprecated","File":"C:\\wamp64\\www\\jasondroste\\wp-includes\\formatting.php","Line":2827}

Sep 09 2023 21:49:59
{"Number":8192,"Message":"rtrim(): Passing null to parameter #1 ($string) of type string is deprecated","File":"C:\\wamp64\\www\\jasondroste\\wp-includes\\formatting.php","Line":2827}

Sep 09 2023 21:49:59
{"Number":8192,"Message":"rtrim(): Passing null to parameter #1 ($string) of type string is deprecated","File":"C:\\wamp64\\www\\jasondroste\\wp-includes\\formatting.php","Line":2827}

Sep 09 2023 21:49:59
{"Number":8192,"Message":"rtrim(): Passing null to parameter #1 ($string) of type string is deprecated","File":"C:\\wamp64\\www\\jasondroste\\wp-includes\\formatting.php","Line":2827}

Sep 09 2023 21:49:59
{"Number":8192,"Message":"rtrim(): Passing null to parameter #1 ($string) of type string is deprecated","File":"C:\\wamp64\\www\\jasondroste\\wp-includes\\formatting.php","Line":2827}

Sep 09 2023 21:49:59
{"Number":8192,"Message":"rtrim(): Passing null to parameter #1 ($string) of type string is deprecated","File":"C:\\wamp64\\www\\jasondroste\\wp-includes\\formatting.php","Line":2827}

Sep 09 2023 21:49:59
{"Number":8192,"Message":"rtrim(): Passing null to parameter #1 ($string) of type string is deprecated","File":"C:\\wamp64\\www\\jasondroste\\wp-includes\\formatting.php","Line":2827}

Sep 09 2023 21:49:59
{"Number":8192,"Message":"rtrim(): Passing null to parameter #1 ($string) of type string is deprecated","File":"C:\\wamp64\\www\\jasondroste\\wp-includes\\formatting.php","Line":2827}

Sep 09 2023 21:49:59
{"Number":8192,"Message":"Creation of dynamic property Ai1wm_Database_Mysqli::$old_replace_raw_values is deprecated","File":"C:\\wamp64\\www\\jasondroste\\wp-content\\plugins\\all-in-one-wp-migration\\lib\\vendor\\servmask\\database\\class-ai1wm-database.php","Line":300}

Sep 09 2023 21:49:59
{"Number":8192,"Message":"Creation of dynamic property Ai1wm_Database_Mysqli::$new_replace_raw_values is deprecated","File":"C:\\wamp64\\www\\jasondroste\\wp-content\\plugins\\all-in-one-wp-migration\\lib\\vendor\\servmask\\database\\class-ai1wm-database.php","Line":321}

Sep 09 2023 21:50:09
{"type":8192,"message":"Creation of dynamic property acf_field_clone::$have_rows is deprecated","file":"C:\\wamp64\\www\\jasondroste\\wp-content\\plugins\\advanced-custom-fields-pro\\pro\\fields\\class-acf-field-clone.php","line":35}

Sep 09 2023 21:50:10
{"Number":8192,"Message":"rtrim(): Passing null to parameter #1 ($string) of type string is deprecated","File":"C:\\wamp64\\www\\jasondroste\\wp-includes\\formatting.php","Line":2827}

Sep 09 2023 21:50:10
{"Number":8192,"Message":"rtrim(): Passing null to parameter #1 ($string) of type string is deprecated","File":"C:\\wamp64\\www\\jasondroste\\wp-includes\\formatting.php","Line":2827}

Sep 09 2023 21:50:10
{"Number":8192,"Message":"rtrim(): Passing null to parameter #1 ($string) of type string is deprecated","File":"C:\\wamp64\\www\\jasondroste\\wp-includes\\formatting.php","Line":2827}

Sep 09 2023 21:50:10
{"Number":8192,"Message":"rtrim(): Passing null to parameter #1 ($string) of type string is deprecated","File":"C:\\wamp64\\www\\jasondroste\\wp-includes\\formatting.php","Line":2827}

Sep 09 2023 21:50:10
{"Number":8192,"Message":"rtrim(): Passing null to parameter #1 ($string) of type string is deprecated","File":"C:\\wamp64\\www\\jasondroste\\wp-includes\\formatting.php","Line":2827}

Sep 09 2023 21:50:10
{"Number":8192,"Message":"rtrim(): Passing null to parameter #1 ($string) of type string is deprecated","File":"C:\\wamp64\\www\\jasondroste\\wp-includes\\formatting.php","Line":2827}

Sep 09 2023 21:50:10
{"Number":8192,"Message":"rtrim(): Passing null to parameter #1 ($string) of type string is deprecated","File":"C:\\wamp64\\www\\jasondroste\\wp-includes\\formatting.php","Line":2827}

Sep 09 2023 21:50:10
{"Number":8192,"Message":"rtrim(): Passing null to parameter #1 ($string) of type string is deprecated","File":"C:\\wamp64\\www\\jasondroste\\wp-includes\\formatting.php","Line":2827}

Sep 09 2023 21:50:10
{"Number":8192,"Message":"rtrim(): Passing null to parameter #1 ($string) of type string is deprecated","File":"C:\\wamp64\\www\\jasondroste\\wp-includes\\formatting.php","Line":2827}

Sep 09 2023 21:50:10
{"Number":8192,"Message":"rtrim(): Passing null to parameter #1 ($string) of type string is deprecated","File":"C:\\wamp64\\www\\jasondroste\\wp-includes\\formatting.php","Line":2827}

Sep 09 2023 21:50:10
{"Number":8192,"Message":"rtrim(): Passing null to parameter #1 ($string) of type string is deprecated","File":"C:\\wamp64\\www\\jasondroste\\wp-includes\\formatting.php","Line":2827}

Sep 09 2023 21:50:10
{"Number":8192,"Message":"rtrim(): Passing null to parameter #1 ($string) of type string is deprecated","File":"C:\\wamp64\\www\\jasondroste\\wp-includes\\formatting.php","Line":2827}

Sep 09 2023 21:50:10
{"Number":8192,"Message":"rtrim(): Passing null to parameter #1 ($string) of type string is deprecated","File":"C:\\wamp64\\www\\jasondroste\\wp-includes\\formatting.php","Line":2827}

Sep 09 2023 21:50:10
{"Number":8192,"Message":"rtrim(): Passing null to parameter #1 ($string) of type string is deprecated","File":"C:\\wamp64\\www\\jasondroste\\wp-includes\\formatting.php","Line":2827}

Sep 09 2023 21:50:10
{"Number":8192,"Message":"rtrim(): Passing null to parameter #1 ($string) of type string is deprecated","File":"C:\\wamp64\\www\\jasondroste\\wp-includes\\formatting.php","Line":2827}

Sep 09 2023 21:50:10
{"Number":8192,"Message":"rtrim(): Passing null to parameter #1 ($string) of type string is deprecated","File":"C:\\wamp64\\www\\jasondroste\\wp-includes\\formatting.php","Line":2827}

Sep 09 2023 21:50:10
{"Number":8192,"Message":"rtrim(): Passing null to parameter #1 ($string) of type string is deprecated","File":"C:\\wamp64\\www\\jasondroste\\wp-includes\\formatting.php","Line":2827}

Sep 09 2023 21:50:10
{"Number":8192,"Message":"rtrim(): Passing null to parameter #1 ($string) of type string is deprecated","File":"C:\\wamp64\\www\\jasondroste\\wp-includes\\formatting.php","Line":2827}

Sep 09 2023 21:50:10
{"Number":8192,"Message":"rtrim(): Passing null to parameter #1 ($string) of type string is deprecated","File":"C:\\wamp64\\www\\jasondroste\\wp-includes\\formatting.php","Line":2827}

Sep 09 2023 21:50:10
{"Number":8192,"Message":"rtrim(): Passing null to parameter #1 ($string) of type string is deprecated","File":"C:\\wamp64\\www\\jasondroste\\wp-includes\\formatting.php","Line":2827}

Sep 09 2023 21:50:10
{"Number":8192,"Message":"rtrim(): Passing null to parameter #1 ($string) of type string is deprecated","File":"C:\\wamp64\\www\\jasondroste\\wp-includes\\formatting.php","Line":2827}

Sep 09 2023 21:50:10
{"Number":8192,"Message":"rtrim(): Passing null to parameter #1 ($string) of type string is deprecated","File":"C:\\wamp64\\www\\jasondroste\\wp-includes\\formatting.php","Line":2827}

Sep 09 2023 21:50:10
{"Number":8192,"Message":"rtrim(): Passing null to parameter #1 ($string) of type string is deprecated","File":"C:\\wamp64\\www\\jasondroste\\wp-includes\\formatting.php","Line":2827}

Sep 09 2023 21:50:10
{"Number":8192,"Message":"rtrim(): Passing null to parameter #1 ($string) of type string is deprecated","File":"C:\\wamp64\\www\\jasondroste\\wp-includes\\formatting.php","Line":2827}

Sep 09 2023 21:50:10
{"Number":8192,"Message":"rtrim(): Passing null to parameter #1 ($string) of type string is deprecated","File":"C:\\wamp64\\www\\jasondroste\\wp-includes\\formatting.php","Line":2827}

Sep 09 2023 21:50:10
{"Number":8192,"Message":"rtrim(): Passing null to parameter #1 ($string) of type string is deprecated","File":"C:\\wamp64\\www\\jasondroste\\wp-includes\\formatting.php","Line":2827}

Sep 09 2023 21:50:10
{"Number":8192,"Message":"rtrim(): Passing null to parameter #1 ($string) of type string is deprecated","File":"C:\\wamp64\\www\\jasondroste\\wp-includes\\formatting.php","Line":2827}

Sep 09 2023 21:50:10
{"Number":8192,"Message":"rtrim(): Passing null to parameter #1 ($string) of type string is deprecated","File":"C:\\wamp64\\www\\jasondroste\\wp-includes\\formatting.php","Line":2827}

Sep 09 2023 21:50:10
{"Number":8192,"Message":"rtrim(): Passing null to parameter #1 ($string) of type string is deprecated","File":"C:\\wamp64\\www\\jasondroste\\wp-includes\\formatting.php","Line":2827}

Sep 09 2023 21:50:10
{"Number":8192,"Message":"rtrim(): Passing null to parameter #1 ($string) of type string is deprecated","File":"C:\\wamp64\\www\\jasondroste\\wp-includes\\formatting.php","Line":2827}

Sep 09 2023 21:50:10
{"Number":8192,"Message":"Creation of dynamic property Ai1wm_Database_Mysqli::$old_replace_raw_values is deprecated","File":"C:\\wamp64\\www\\jasondroste\\wp-content\\plugins\\all-in-one-wp-migration\\lib\\vendor\\servmask\\database\\class-ai1wm-database.php","Line":300}

Sep 09 2023 21:50:10
{"Number":8192,"Message":"Creation of dynamic property Ai1wm_Database_Mysqli::$new_replace_raw_values is deprecated","File":"C:\\wamp64\\www\\jasondroste\\wp-content\\plugins\\all-in-one-wp-migration\\lib\\vendor\\servmask\\database\\class-ai1wm-database.php","Line":321}

Sep 09 2023 21:50:22
{"type":8192,"message":"Return type of Ai1wm_Recursive_Newline_Filter::accept() should either be compatible with FilterIterator::accept(): bool, or the #[\\ReturnTypeWillChange] attribute should be used to temporarily suppress the notice","file":"C:\\wamp64\\www\\jasondroste\\wp-content\\plugins\\all-in-one-wp-migration\\lib\\vendor\\servmask\\filter\\class-ai1wm-recursive-newline-filter.php","line":28}

Sep 09 2023 21:50:22
{"Number":8192,"Message":"rtrim(): Passing null to parameter #1 ($string) of type string is deprecated","File":"C:\\wamp64\\www\\jasondroste\\wp-includes\\formatting.php","Line":2827}

Sep 09 2023 21:50:22
{"Number":8192,"Message":"rtrim(): Passing null to parameter #1 ($string) of type string is deprecated","File":"C:\\wamp64\\www\\jasondroste\\wp-includes\\formatting.php","Line":2827}

Sep 09 2023 21:50:22
{"Number":8192,"Message":"rtrim(): Passing null to parameter #1 ($string) of type string is deprecated","File":"C:\\wamp64\\www\\jasondroste\\wp-includes\\formatting.php","Line":2827}

Sep 09 2023 21:50:22
{"Number":8192,"Message":"rtrim(): Passing null to parameter #1 ($string) of type string is deprecated","File":"C:\\wamp64\\www\\jasondroste\\wp-includes\\formatting.php","Line":2827}

Sep 09 2023 21:50:22
{"Number":8192,"Message":"rtrim(): Passing null to parameter #1 ($string) of type string is deprecated","File":"C:\\wamp64\\www\\jasondroste\\wp-includes\\formatting.php","Line":2827}

Sep 09 2023 21:50:22
{"Number":8192,"Message":"rtrim(): Passing null to parameter #1 ($string) of type string is deprecated","File":"C:\\wamp64\\www\\jasondroste\\wp-includes\\formatting.php","Line":2827}

Sep 09 2023 21:50:22
{"Number":8192,"Message":"rtrim(): Passing null to parameter #1 ($string) of type string is deprecated","File":"C:\\wamp64\\www\\jasondroste\\wp-includes\\formatting.php","Line":2827}

Sep 09 2023 21:50:22
{"Number":8192,"Message":"rtrim(): Passing null to parameter #1 ($string) of type string is deprecated","File":"C:\\wamp64\\www\\jasondroste\\wp-includes\\formatting.php","Line":2827}

Sep 09 2023 21:50:22
{"Number":8192,"Message":"rtrim(): Passing null to parameter #1 ($string) of type string is deprecated","File":"C:\\wamp64\\www\\jasondroste\\wp-includes\\formatting.php","Line":2827}

Sep 09 2023 21:50:22
{"Number":8192,"Message":"rtrim(): Passing null to parameter #1 ($string) of type string is deprecated","File":"C:\\wamp64\\www\\jasondroste\\wp-includes\\formatting.php","Line":2827}

Sep 09 2023 21:50:22
{"Number":8192,"Message":"rtrim(): Passing null to parameter #1 ($string) of type string is deprecated","File":"C:\\wamp64\\www\\jasondroste\\wp-includes\\formatting.php","Line":2827}

Sep 09 2023 21:50:22
{"Number":8192,"Message":"rtrim(): Passing null to parameter #1 ($string) of type string is deprecated","File":"C:\\wamp64\\www\\jasondroste\\wp-includes\\formatting.php","Line":2827}

Sep 09 2023 21:50:22
{"Number":8192,"Message":"rtrim(): Passing null to parameter #1 ($string) of type string is deprecated","File":"C:\\wamp64\\www\\jasondroste\\wp-includes\\formatting.php","Line":2827}

Sep 09 2023 21:50:22
{"Number":8192,"Message":"rtrim(): Passing null to parameter #1 ($string) of type string is deprecated","File":"C:\\wamp64\\www\\jasondroste\\wp-includes\\formatting.php","Line":2827}

Sep 09 2023 21:50:22
{"Number":8192,"Message":"rtrim(): Passing null to parameter #1 ($string) of type string is deprecated","File":"C:\\wamp64\\www\\jasondroste\\wp-includes\\formatting.php","Line":2827}

Sep 09 2023 21:50:22
{"Number":8192,"Message":"rtrim(): Passing null to parameter #1 ($string) of type string is deprecated","File":"C:\\wamp64\\www\\jasondroste\\wp-includes\\formatting.php","Line":2827}

Sep 09 2023 21:50:22
{"Number":8192,"Message":"rtrim(): Passing null to parameter #1 ($string) of type string is deprecated","File":"C:\\wamp64\\www\\jasondroste\\wp-includes\\formatting.php","Line":2827}

Sep 09 2023 21:50:22
{"Number":8192,"Message":"rtrim(): Passing null to parameter #1 ($string) of type string is deprecated","File":"C:\\wamp64\\www\\jasondroste\\wp-includes\\formatting.php","Line":2827}

Sep 09 2023 21:50:22
{"Number":8192,"Message":"rtrim(): Passing null to parameter #1 ($string) of type string is deprecated","File":"C:\\wamp64\\www\\jasondroste\\wp-includes\\formatting.php","Line":2827}

Sep 09 2023 21:50:22
{"Number":8192,"Message":"rtrim(): Passing null to parameter #1 ($string) of type string is deprecated","File":"C:\\wamp64\\www\\jasondroste\\wp-includes\\formatting.php","Line":2827}

Sep 09 2023 21:50:22
{"Number":8192,"Message":"rtrim(): Passing null to parameter #1 ($string) of type string is deprecated","File":"C:\\wamp64\\www\\jasondroste\\wp-includes\\formatting.php","Line":2827}

Sep 09 2023 21:50:22
{"Number":8192,"Message":"rtrim(): Passing null to parameter #1 ($string) of type string is deprecated","File":"C:\\wamp64\\www\\jasondroste\\wp-includes\\formatting.php","Line":2827}

Sep 09 2023 21:50:22
{"Number":8192,"Message":"rtrim(): Passing null to parameter #1 ($string) of type string is deprecated","File":"C:\\wamp64\\www\\jasondroste\\wp-includes\\formatting.php","Line":2827}

Sep 09 2023 21:50:22
{"Number":8192,"Message":"rtrim(): Passing null to parameter #1 ($string) of type string is deprecated","File":"C:\\wamp64\\www\\jasondroste\\wp-includes\\formatting.php","Line":2827}

Sep 09 2023 21:50:22
{"Number":8192,"Message":"rtrim(): Passing null to parameter #1 ($string) of type string is deprecated","File":"C:\\wamp64\\www\\jasondroste\\wp-includes\\formatting.php","Line":2827}

Sep 09 2023 21:50:22
{"Number":8192,"Message":"rtrim(): Passing null to parameter #1 ($string) of type string is deprecated","File":"C:\\wamp64\\www\\jasondroste\\wp-includes\\formatting.php","Line":2827}

Sep 09 2023 21:50:22
{"Number":8192,"Message":"rtrim(): Passing null to parameter #1 ($string) of type string is deprecated","File":"C:\\wamp64\\www\\jasondroste\\wp-includes\\formatting.php","Line":2827}

Sep 09 2023 21:50:23
{"Number":8192,"Message":"rtrim(): Passing null to parameter #1 ($string) of type string is deprecated","File":"C:\\wamp64\\www\\jasondroste\\wp-includes\\formatting.php","Line":2827}

Sep 09 2023 21:50:23
{"Number":8192,"Message":"rtrim(): Passing null to parameter #1 ($string) of type string is deprecated","File":"C:\\wamp64\\www\\jasondroste\\wp-includes\\formatting.php","Line":2827}

Sep 09 2023 21:50:23
{"Number":8192,"Message":"rtrim(): Passing null to parameter #1 ($string) of type string is deprecated","File":"C:\\wamp64\\www\\jasondroste\\wp-includes\\formatting.php","Line":2827}

Sep 09 2023 21:50:23
{"Number":8192,"Message":"Creation of dynamic property Ai1wm_Database_Mysqli::$old_replace_raw_values is deprecated","File":"C:\\wamp64\\www\\jasondroste\\wp-content\\plugins\\all-in-one-wp-migration\\lib\\vendor\\servmask\\database\\class-ai1wm-database.php","Line":300}

Sep 09 2023 21:50:23
{"Number":8192,"Message":"Creation of dynamic property Ai1wm_Database_Mysqli::$new_replace_raw_values is deprecated","File":"C:\\wamp64\\www\\jasondroste\\wp-content\\plugins\\all-in-one-wp-migration\\lib\\vendor\\servmask\\database\\class-ai1wm-database.php","Line":321}

Sep 09 2023 21:50:23
{"type":8192,"message":"Return type of Ai1wm_Recursive_Newline_Filter::accept() should either be compatible with FilterIterator::accept(): bool, or the #[\\ReturnTypeWillChange] attribute should be used to temporarily suppress the notice","file":"C:\\wamp64\\www\\jasondroste\\wp-content\\plugins\\all-in-one-wp-migration\\lib\\vendor\\servmask\\filter\\class-ai1wm-recursive-newline-filter.php","line":28}

Sep 09 2023 21:50:24
{"type":8192,"message":"Return type of Ai1wm_Recursive_Newline_Filter::accept() should either be compatible with FilterIterator::accept(): bool, or the #[\\ReturnTypeWillChange] attribute should be used to temporarily suppress the notice","file":"C:\\wamp64\\www\\jasondroste\\wp-content\\plugins\\all-in-one-wp-migration\\lib\\vendor\\servmask\\filter\\class-ai1wm-recursive-newline-filter.php","line":28}

Sep 09 2023 21:50:26
{"type":8192,"message":"Creation of dynamic property RankMath\\Admin\\Options::$key is deprecated","file":"C:\\wamp64\\www\\jasondroste\\wp-content\\plugins\\seo-by-rank-math\\includes\\traits\\class-hooker.php","line":117}

